<?xml version="1.0" encoding="UTF-8"?>
<coverage generated="1778691354169" clover="3.2.0">
  <project timestamp="1778691354169" name="All files">
    <metrics statements="4" coveredstatements="4" conditionals="5" coveredconditionals="5" methods="1" coveredmethods="1" elements="10" coveredelements="10" complexity="0" loc="4" ncloc="4" packages="1" files="1" classes="1"/>
    <file name="num-4.js" path="/home/aleksandr/hexlet-doc/src/chapter_Function_JS/num-4.js">
      <metrics statements="4" coveredstatements="4" conditionals="5" coveredconditionals="5" methods="1" coveredmethods="1"/>
      <line num="11" count="1" type="cond" truecount="1" falsecount="0"/>
      <line num="12" count="7" type="cond" truecount="4" falsecount="0"/>
      <line num="13" count="3" type="stmt"/>
      <line num="14" count="3" type="stmt"/>
    </file>
  </project>
</coverage>
