TN:
SF:src/codeCoverageTest/index.js
FN:40,(anonymous_0)
FNF:1
FNH:1
FNDA:1,(anonymous_0)
DA:17,1
DA:41,1
DA:42,1
LF:3
LH:3
BRDA:41,0,0,1
BRDA:41,0,1,1
BRF:2
BRH:2
end_of_record
TN:
SF:src/codeCoverageTest/right/get.js
FN:3,(anonymous_0)
FNF:1
FNH:1
FNDA:3,(anonymous_0)
DA:3,1
DA:4,3
DA:5,2
DA:6,1
DA:8,1
DA:10,1
LF:6
LH:6
BRDA:4,0,0,2
BRDA:4,0,1,1
BRDA:4,1,0,3
BRDA:4,1,1,1
BRDA:5,2,0,1
BRDA:5,2,1,1
BRF:6
BRH:6
end_of_record
TN:
SF:src/codeCoverageTest/right/indexOf.js
FN:1,(anonymous_0)
FNF:1
FNH:1
FNDA:4,(anonymous_0)
DA:1,1
DA:2,4
DA:4,4
DA:5,1
DA:7,3
DA:9,3
DA:10,2
DA:11,1
DA:13,1
DA:17,3
LF:10
LH:10
BRDA:1,0,0,2
BRDA:4,1,0,1
BRDA:4,1,1,3
BRDA:9,2,0,2
BRDA:9,2,1,1
BRDA:10,3,0,1
BRDA:10,3,1,1
BRF:7
BRH:7
end_of_record
TN:
SF:src/codeCoverageTest/right/slice.js
FN:1,(anonymous_0)
FNF:1
FNH:1
FNDA:4,(anonymous_0)
DA:1,1
DA:2,4
DA:3,4
DA:4,1
DA:6,3
DA:8,3
DA:9,2
DA:10,1
DA:12,1
DA:16,3
LF:10
LH:10
BRDA:1,0,0,0
BRDA:1,1,0,0
BRDA:3,2,0,1
BRDA:3,2,1,3
BRDA:8,3,0,2
BRDA:8,3,1,1
BRDA:9,4,0,1
BRDA:9,4,1,1
BRF:8
BRH:6
end_of_record
TN:
SF:src/codeCoverageTest/wrong1/get.js
FN:1,(anonymous_0)
FNF:1
FNH:0
FNDA:0,(anonymous_0)
DA:1,1
DA:2,0
DA:3,0
DA:4,0
DA:6,0
DA:8,0
LF:6
LH:1
BRDA:2,0,0,0
BRDA:2,0,1,0
BRDA:2,1,0,0
BRDA:2,1,1,0
BRDA:3,2,0,0
BRDA:3,2,1,0
BRF:6
BRH:0
end_of_record
TN:
SF:src/codeCoverageTest/wrong1/indexOf.js
FN:1,(anonymous_0)
FNF:1
FNH:0
FNDA:0,(anonymous_0)
DA:1,1
DA:2,0
DA:4,0
DA:5,0
DA:8,0
LF:5
LH:1
BRDA:1,0,0,0
BRDA:4,1,0,0
BRDA:4,1,1,0
BRF:3
BRH:0
end_of_record
TN:
SF:src/codeCoverageTest/wrong1/slice.js
FN:1,(anonymous_0)
FNF:1
FNH:0
FNDA:0,(anonymous_0)
DA:1,1
DA:2,0
DA:3,0
DA:5,0
LF:4
LH:1
BRDA:1,0,0,0
BRDA:1,1,0,0
BRDA:2,2,0,0
BRDA:2,2,1,0
BRF:4
BRH:0
end_of_record
TN:
SF:src/codeCoverageTest/wrong2/get.js
FN:1,(anonymous_0)
FNF:1
FNH:0
FNDA:0,(anonymous_0)
DA:1,1
DA:2,0
DA:3,0
DA:4,0
DA:6,0
DA:8,0
LF:6
LH:1
BRDA:2,0,0,0
BRDA:2,0,1,0
BRDA:2,1,0,0
BRDA:2,1,1,0
BRDA:3,2,0,0
BRDA:3,2,1,0
BRF:6
BRH:0
end_of_record
TN:
SF:src/codeCoverageTest/wrong2/indexOf.js
FN:1,(anonymous_0)
FNF:1
FNH:0
FNDA:0,(anonymous_0)
DA:1,1
DA:2,0
DA:3,0
DA:4,0
DA:7,0
LF:5
LH:1
BRDA:1,0,0,0
BRDA:2,1,0,0
BRDA:2,1,1,0
BRDA:3,2,0,0
BRDA:3,2,1,0
BRF:5
BRH:0
end_of_record
TN:
SF:src/codeCoverageTest/wrong2/slice.js
FN:1,(anonymous_0)
FNF:1
FNH:0
FNDA:0,(anonymous_0)
DA:1,1
DA:2,0
DA:4,0
DA:5,0
DA:6,0
DA:10,0
LF:6
LH:1
BRDA:1,0,0,0
BRDA:1,1,0,0
BRDA:4,2,0,0
BRDA:4,2,1,0
BRDA:5,3,0,0
BRDA:5,3,1,0
BRF:6
BRH:0
end_of_record
TN:
SF:src/codeCoverageTest/wrong3/get.js
FN:1,(anonymous_0)
FNF:1
FNH:0
FNDA:0,(anonymous_0)
DA:1,1
DA:2,0
DA:3,0
DA:5,0
DA:6,0
DA:8,0
LF:6
LH:1
BRDA:1,0,0,0
BRDA:2,1,0,0
BRDA:2,1,1,0
BRDA:5,2,0,0
BRDA:5,2,1,0
BRDA:5,3,0,0
BRDA:5,3,1,0
BRF:7
BRH:0
end_of_record
TN:
SF:src/codeCoverageTest/wrong3/indexOf.js
FN:1,(anonymous_0)
FNF:1
FNH:0
FNDA:0,(anonymous_0)
DA:1,1
DA:2,0
DA:3,0
DA:4,0
DA:7,0
LF:5
LH:1
BRDA:1,0,0,0
BRDA:2,1,0,0
BRDA:2,1,1,0
BRDA:3,2,0,0
BRDA:3,2,1,0
BRF:5
BRH:0
end_of_record
TN:
SF:src/codeCoverageTest/wrong3/slice.js
FN:1,(anonymous_0)
FNF:1
FNH:0
FNDA:0,(anonymous_0)
DA:1,1
DA:2,0
DA:4,0
DA:5,0
DA:6,0
DA:10,0
LF:6
LH:1
BRDA:1,0,0,0
BRDA:1,1,0,0
BRDA:4,2,0,0
BRDA:4,2,1,0
BRDA:5,3,0,0
BRDA:5,3,1,0
BRF:6
BRH:0
end_of_record
