TN:
SF:src/memFibonacci/index.js
FN:9,(anonymous_0)
FNF:1
FNH:1
FNDA:1,(anonymous_0)
DA:4,1
DA:10,1
DA:11,1
LF:3
LH:3
BRDA:10,0,0,1
BRDA:10,0,1,1
BRF:2
BRH:2
end_of_record
TN:
SF:src/memFibonacci/utils.js
FN:2,(anonymous_0)
FNF:1
FNH:1
FNDA:372,(anonymous_0)
DA:1,1
DA:4,372
DA:5,1
DA:8,371
DA:9,188
DA:11,183
LF:6
LH:6
BRDA:4,0,0,1
BRDA:4,0,1,371
BRDA:8,1,0,188
BRDA:8,1,1,183
BRF:4
BRH:4
end_of_record
TN:
SF:src/memFibonacci/right/index.js
FN:5,(anonymous_0)
FNF:1
FNH:1
FNDA:2,(anonymous_0)
DA:3,1
DA:7,2
DA:8,1
DA:11,1
DA:12,1
LF:5
LH:5
BRDA:7,0,0,1
BRDA:7,0,1,1
BRF:2
BRH:2
end_of_record
TN:
SF:src/memFibonacci/wrong/index.js
FNF:0
FNH:0
LF:0
LH:0
BRF:0
BRH:0
end_of_record
